{"/Users/fanqi/Documents/mine/lucefer/continue-assign-parser/src/compiler/parser.js":{"path":"/Users/fanqi/Documents/mine/lucefer/continue-assign-parser/src/compiler/parser.js","s":{"1":1,"2":1,"3":1,"4":1,"5":1,"6":2,"7":2,"8":2,"9":2,"10":2,"11":2,"12":2,"13":1,"14":2,"15":2,"16":2,"17":2,"18":2,"19":2,"20":2,"21":2,"22":4,"23":1,"24":1,"25":2,"26":1,"27":2,"28":1,"29":1,"30":1,"31":1,"32":1,"33":2,"34":2,"35":2,"36":2,"37":2,"38":1,"39":2,"40":2,"41":2,"42":2,"43":2,"44":2,"45":0,"46":0,"47":1,"48":2,"49":2,"50":2,"51":1,"52":2,"53":2,"54":0,"55":2,"56":2,"57":2,"58":2,"59":1,"60":4,"61":4,"62":4,"63":7,"64":7,"65":7,"66":7,"67":7,"68":7,"69":4,"70":0,"71":4,"72":1,"73":1,"74":1,"75":1,"76":3,"77":3,"78":4,"79":2,"80":0,"81":2,"82":2,"83":2,"84":4,"85":4,"86":1,"87":1,"88":1,"89":0,"90":1,"91":1,"92":0,"93":0,"94":0,"95":1,"96":1,"97":0,"98":4,"99":0,"100":1,"101":4,"102":0,"103":4,"104":1},"b":{"1":[2,0],"2":[1,3],"3":[1,1],"4":[1,1],"5":[2,2],"6":[2,0],"7":[0,2],"8":[0,2],"9":[2,2],"10":[7,4],"11":[0,4],"12":[1,3],"13":[3,0],"14":[2,2],"15":[4,4],"16":[0,2],"17":[1,3],"18":[4,3],"19":[1,0],"20":[1,1,0,0],"21":[0,1],"22":[0,0],"23":[1,0],"24":[0,4],"25":[4,2],"26":[0,4],"27":[4,0]},"f":{"1":12,"2":2,"3":2,"4":2,"5":2,"6":2,"7":2,"8":4,"9":2,"10":4},"fnMap":{"1":{"name":"Node","line":4,"loc":{"start":{"line":4,"column":0},"end":{"line":5,"column":0}}},"2":{"name":"parse","line":10,"loc":{"start":{"line":10,"column":0},"end":{"line":10,"column":23}}},"3":{"name":"parseProgram","line":25,"loc":{"start":{"line":25,"column":0},"end":{"line":25,"column":24}}},"4":{"name":"parseScriptBody","line":52,"loc":{"start":{"line":52,"column":0},"end":{"line":52,"column":27}}},"5":{"name":"parseStatementListItem","line":60,"loc":{"start":{"line":60,"column":0},"end":{"line":60,"column":34}}},"6":{"name":"parseVariableDeclarationList","line":75,"loc":{"start":{"line":75,"column":0},"end":{"line":75,"column":40}}},"7":{"name":"parseVariableDeclaration","line":80,"loc":{"start":{"line":80,"column":0},"end":{"line":80,"column":36}}},"8":{"name":"parseEqualVariableDeclaration","line":94,"loc":{"start":{"line":94,"column":0},"end":{"line":94,"column":43}}},"9":{"name":"(anonymous_9)","line":120,"loc":{"start":{"line":120,"column":24},"end":{"line":120,"column":35}}},"10":{"name":"isPunctuator","line":152,"loc":{"start":{"line":152,"column":0},"end":{"line":152,"column":35}}}},"statementMap":{"1":{"start":{"line":1,"column":0},"end":{"line":1,"column":36}},"2":{"start":{"line":2,"column":0},"end":{"line":2,"column":39}},"3":{"start":{"line":4,"column":0},"end":{"line":7,"column":1}},"4":{"start":{"line":8,"column":0},"end":{"line":8,"column":39}},"5":{"start":{"line":10,"column":0},"end":{"line":23,"column":1}},"6":{"start":{"line":11,"column":4},"end":{"line":11,"column":18}},"7":{"start":{"line":12,"column":4},"end":{"line":12,"column":23}},"8":{"start":{"line":13,"column":4},"end":{"line":13,"column":27}},"9":{"start":{"line":14,"column":4},"end":{"line":14,"column":11}},"10":{"start":{"line":16,"column":4},"end":{"line":21,"column":5}},"11":{"start":{"line":17,"column":6},"end":{"line":17,"column":26}},"12":{"start":{"line":22,"column":4},"end":{"line":22,"column":14}},"13":{"start":{"line":25,"column":0},"end":{"line":50,"column":1}},"14":{"start":{"line":26,"column":4},"end":{"line":26,"column":18}},"15":{"start":{"line":27,"column":4},"end":{"line":27,"column":21}},"16":{"start":{"line":28,"column":4},"end":{"line":28,"column":28}},"17":{"start":{"line":29,"column":4},"end":{"line":29,"column":24}},"18":{"start":{"line":30,"column":4},"end":{"line":43,"column":5}},"19":{"start":{"line":31,"column":6},"end":{"line":39,"column":7}},"20":{"start":{"line":32,"column":8},"end":{"line":32,"column":34}},"21":{"start":{"line":33,"column":8},"end":{"line":38,"column":9}},"22":{"start":{"line":34,"column":10},"end":{"line":37,"column":11}},"23":{"start":{"line":35,"column":12},"end":{"line":35,"column":27}},"24":{"start":{"line":36,"column":12},"end":{"line":36,"column":17}},"25":{"start":{"line":40,"column":6},"end":{"line":42,"column":7}},"26":{"start":{"line":41,"column":8},"end":{"line":41,"column":13}},"27":{"start":{"line":44,"column":4},"end":{"line":46,"column":5}},"28":{"start":{"line":45,"column":6},"end":{"line":45,"column":17}},"29":{"start":{"line":47,"column":4},"end":{"line":47,"column":30}},"30":{"start":{"line":48,"column":4},"end":{"line":48,"column":20}},"31":{"start":{"line":49,"column":4},"end":{"line":49,"column":15}},"32":{"start":{"line":52,"column":0},"end":{"line":58,"column":1}},"33":{"start":{"line":53,"column":4},"end":{"line":53,"column":28}},"34":{"start":{"line":54,"column":4},"end":{"line":54,"column":35}},"35":{"start":{"line":55,"column":4},"end":{"line":55,"column":40}},"36":{"start":{"line":56,"column":4},"end":{"line":56,"column":39}},"37":{"start":{"line":57,"column":4},"end":{"line":57,"column":15}},"38":{"start":{"line":60,"column":0},"end":{"line":73,"column":1}},"39":{"start":{"line":61,"column":4},"end":{"line":71,"column":5}},"40":{"start":{"line":62,"column":8},"end":{"line":70,"column":9}},"41":{"start":{"line":65,"column":16},"end":{"line":65,"column":46}},"42":{"start":{"line":66,"column":16},"end":{"line":66,"column":57}},"43":{"start":{"line":67,"column":16},"end":{"line":67,"column":32}},"44":{"start":{"line":68,"column":16},"end":{"line":68,"column":27}},"45":{"start":{"line":69,"column":16},"end":{"line":69,"column":21}},"46":{"start":{"line":72,"column":4},"end":{"line":72,"column":15}},"47":{"start":{"line":75,"column":0},"end":{"line":79,"column":1}},"48":{"start":{"line":76,"column":4},"end":{"line":76,"column":9}},"49":{"start":{"line":77,"column":4},"end":{"line":77,"column":35}},"50":{"start":{"line":78,"column":4},"end":{"line":78,"column":37}},"51":{"start":{"line":80,"column":0},"end":{"line":91,"column":1}},"52":{"start":{"line":81,"column":4},"end":{"line":83,"column":20}},"53":{"start":{"line":84,"column":4},"end":{"line":86,"column":5}},"54":{"start":{"line":85,"column":8},"end":{"line":85,"column":19}},"55":{"start":{"line":87,"column":4},"end":{"line":87,"column":42}},"56":{"start":{"line":88,"column":4},"end":{"line":88,"column":42}},"57":{"start":{"line":89,"column":4},"end":{"line":89,"column":23}},"58":{"start":{"line":90,"column":4},"end":{"line":90,"column":15}},"59":{"start":{"line":94,"column":0},"end":{"line":150,"column":1}},"60":{"start":{"line":95,"column":4},"end":{"line":95,"column":32}},"61":{"start":{"line":96,"column":4},"end":{"line":96,"column":37}},"62":{"start":{"line":97,"column":4},"end":{"line":104,"column":5}},"63":{"start":{"line":98,"column":8},"end":{"line":98,"column":25}},"64":{"start":{"line":99,"column":8},"end":{"line":99,"column":37}},"65":{"start":{"line":100,"column":8},"end":{"line":100,"column":41}},"66":{"start":{"line":101,"column":8},"end":{"line":101,"column":34}},"67":{"start":{"line":102,"column":8},"end":{"line":102,"column":26}},"68":{"start":{"line":103,"column":8},"end":{"line":103,"column":41}},"69":{"start":{"line":105,"column":4},"end":{"line":107,"column":5}},"70":{"start":{"line":106,"column":8},"end":{"line":106,"column":14}},"71":{"start":{"line":108,"column":4},"end":{"line":115,"column":5}},"72":{"start":{"line":109,"column":8},"end":{"line":109,"column":30}},"73":{"start":{"line":110,"column":8},"end":{"line":110,"column":57}},"74":{"start":{"line":111,"column":8},"end":{"line":111,"column":32}},"75":{"start":{"line":112,"column":8},"end":{"line":112,"column":26}},"76":{"start":{"line":113,"column":11},"end":{"line":115,"column":5}},"77":{"start":{"line":114,"column":8},"end":{"line":114,"column":21}},"78":{"start":{"line":116,"column":4},"end":{"line":125,"column":5}},"79":{"start":{"line":117,"column":6},"end":{"line":123,"column":7}},"80":{"start":{"line":118,"column":8},"end":{"line":118,"column":34}},"81":{"start":{"line":120,"column":8},"end":{"line":122,"column":10}},"82":{"start":{"line":121,"column":10},"end":{"line":121,"column":28}},"83":{"start":{"line":124,"column":6},"end":{"line":124,"column":39}},"84":{"start":{"line":126,"column":4},"end":{"line":126,"column":17}},"85":{"start":{"line":127,"column":4},"end":{"line":146,"column":5}},"86":{"start":{"line":128,"column":8},"end":{"line":128,"column":41}},"87":{"start":{"line":129,"column":8},"end":{"line":140,"column":9}},"88":{"start":{"line":130,"column":12},"end":{"line":134,"column":13}},"89":{"start":{"line":131,"column":14},"end":{"line":131,"column":52}},"90":{"start":{"line":133,"column":14},"end":{"line":133,"column":40}},"91":{"start":{"line":135,"column":12},"end":{"line":135,"column":45}},"92":{"start":{"line":136,"column":15},"end":{"line":140,"column":9}},"93":{"start":{"line":137,"column":12},"end":{"line":137,"column":45}},"94":{"start":{"line":139,"column":12},"end":{"line":139,"column":37}},"95":{"start":{"line":141,"column":8},"end":{"line":145,"column":9}},"96":{"start":{"line":142,"column":10},"end":{"line":142,"column":31}},"97":{"start":{"line":144,"column":10},"end":{"line":144,"column":26}},"98":{"start":{"line":147,"column":4},"end":{"line":149,"column":5}},"99":{"start":{"line":148,"column":8},"end":{"line":148,"column":41}},"100":{"start":{"line":152,"column":0},"end":{"line":157,"column":1}},"101":{"start":{"line":153,"column":4},"end":{"line":155,"column":5}},"102":{"start":{"line":154,"column":8},"end":{"line":154,"column":19}},"103":{"start":{"line":156,"column":4},"end":{"line":156,"column":16}},"104":{"start":{"line":161,"column":0},"end":{"line":161,"column":22}}},"branchMap":{"1":{"line":31,"type":"if","locations":[{"start":{"line":31,"column":6},"end":{"line":31,"column":6}},{"start":{"line":31,"column":6},"end":{"line":31,"column":6}}]},"2":{"line":34,"type":"if","locations":[{"start":{"line":34,"column":10},"end":{"line":34,"column":10}},{"start":{"line":34,"column":10},"end":{"line":34,"column":10}}]},"3":{"line":40,"type":"if","locations":[{"start":{"line":40,"column":6},"end":{"line":40,"column":6}},{"start":{"line":40,"column":6},"end":{"line":40,"column":6}}]},"4":{"line":44,"type":"if","locations":[{"start":{"line":44,"column":4},"end":{"line":44,"column":4}},{"start":{"line":44,"column":4},"end":{"line":44,"column":4}}]},"5":{"line":56,"type":"binary-expr","locations":[{"start":{"line":56,"column":4},"end":{"line":56,"column":13}},{"start":{"line":56,"column":18},"end":{"line":56,"column":38}}]},"6":{"line":61,"type":"if","locations":[{"start":{"line":61,"column":4},"end":{"line":61,"column":4}},{"start":{"line":61,"column":4},"end":{"line":61,"column":4}}]},"7":{"line":62,"type":"switch","locations":[{"start":{"line":63,"column":12},"end":{"line":63,"column":23}},{"start":{"line":64,"column":12},"end":{"line":69,"column":21}}]},"8":{"line":84,"type":"if","locations":[{"start":{"line":84,"column":4},"end":{"line":84,"column":4}},{"start":{"line":84,"column":4},"end":{"line":84,"column":4}}]},"9":{"line":84,"type":"binary-expr","locations":[{"start":{"line":84,"column":7},"end":{"line":84,"column":24}},{"start":{"line":84,"column":28},"end":{"line":84,"column":45}}]},"10":{"line":101,"type":"binary-expr","locations":[{"start":{"line":101,"column":8},"end":{"line":101,"column":16}},{"start":{"line":101,"column":21},"end":{"line":101,"column":33}}]},"11":{"line":105,"type":"if","locations":[{"start":{"line":105,"column":4},"end":{"line":105,"column":4}},{"start":{"line":105,"column":4},"end":{"line":105,"column":4}}]},"12":{"line":108,"type":"if","locations":[{"start":{"line":108,"column":4},"end":{"line":108,"column":4}},{"start":{"line":108,"column":4},"end":{"line":108,"column":4}}]},"13":{"line":113,"type":"if","locations":[{"start":{"line":113,"column":11},"end":{"line":113,"column":11}},{"start":{"line":113,"column":11},"end":{"line":113,"column":11}}]},"14":{"line":116,"type":"if","locations":[{"start":{"line":116,"column":4},"end":{"line":116,"column":4}},{"start":{"line":116,"column":4},"end":{"line":116,"column":4}}]},"15":{"line":116,"type":"binary-expr","locations":[{"start":{"line":116,"column":7},"end":{"line":116,"column":20}},{"start":{"line":116,"column":24},"end":{"line":116,"column":51}}]},"16":{"line":117,"type":"if","locations":[{"start":{"line":117,"column":6},"end":{"line":117,"column":6}},{"start":{"line":117,"column":6},"end":{"line":117,"column":6}}]},"17":{"line":127,"type":"if","locations":[{"start":{"line":127,"column":4},"end":{"line":127,"column":4}},{"start":{"line":127,"column":4},"end":{"line":127,"column":4}}]},"18":{"line":127,"type":"binary-expr","locations":[{"start":{"line":127,"column":7},"end":{"line":127,"column":20}},{"start":{"line":127,"column":24},"end":{"line":127,"column":51}}]},"19":{"line":129,"type":"if","locations":[{"start":{"line":129,"column":8},"end":{"line":129,"column":8}},{"start":{"line":129,"column":8},"end":{"line":129,"column":8}}]},"20":{"line":129,"type":"binary-expr","locations":[{"start":{"line":129,"column":12},"end":{"line":129,"column":54}},{"start":{"line":129,"column":58},"end":{"line":129,"column":100}},{"start":{"line":129,"column":104},"end":{"line":129,"column":146}},{"start":{"line":129,"column":150},"end":{"line":129,"column":189}}]},"21":{"line":130,"type":"if","locations":[{"start":{"line":130,"column":12},"end":{"line":130,"column":12}},{"start":{"line":130,"column":12},"end":{"line":130,"column":12}}]},"22":{"line":136,"type":"if","locations":[{"start":{"line":136,"column":15},"end":{"line":136,"column":15}},{"start":{"line":136,"column":15},"end":{"line":136,"column":15}}]},"23":{"line":141,"type":"if","locations":[{"start":{"line":141,"column":8},"end":{"line":141,"column":8}},{"start":{"line":141,"column":8},"end":{"line":141,"column":8}}]},"24":{"line":147,"type":"if","locations":[{"start":{"line":147,"column":4},"end":{"line":147,"column":4}},{"start":{"line":147,"column":4},"end":{"line":147,"column":4}}]},"25":{"line":147,"type":"binary-expr","locations":[{"start":{"line":147,"column":7},"end":{"line":147,"column":20}},{"start":{"line":147,"column":24},"end":{"line":147,"column":51}}]},"26":{"line":153,"type":"if","locations":[{"start":{"line":153,"column":4},"end":{"line":153,"column":4}},{"start":{"line":153,"column":4},"end":{"line":153,"column":4}}]},"27":{"line":153,"type":"binary-expr","locations":[{"start":{"line":153,"column":7},"end":{"line":153,"column":45}},{"start":{"line":153,"column":49},"end":{"line":153,"column":78}}]}}},"/Users/fanqi/Documents/mine/lucefer/continue-assign-parser/src/compiler/type/token.js":{"path":"/Users/fanqi/Documents/mine/lucefer/continue-assign-parser/src/compiler/type/token.js","s":{"1":1,"2":1},"b":{},"f":{},"fnMap":{},"statementMap":{"1":{"start":{"line":1,"column":0},"end":{"line":11,"column":1}},"2":{"start":{"line":12,"column":0},"end":{"line":12,"column":26}}},"branchMap":{}},"/Users/fanqi/Documents/mine/lucefer/continue-assign-parser/src/compiler/type/syntax.js":{"path":"/Users/fanqi/Documents/mine/lucefer/continue-assign-parser/src/compiler/type/syntax.js","s":{"1":1,"2":1},"b":{},"f":{},"fnMap":{},"statementMap":{"1":{"start":{"line":1,"column":0},"end":{"line":13,"column":1}},"2":{"start":{"line":15,"column":0},"end":{"line":15,"column":23}}},"branchMap":{}},"/Users/fanqi/Documents/mine/lucefer/continue-assign-parser/src/compiler/tokenizer.js":{"path":"/Users/fanqi/Documents/mine/lucefer/continue-assign-parser/src/compiler/tokenizer.js","s":{"1":1,"2":1,"3":1,"4":1,"5":1,"6":1,"7":1,"8":1,"9":1,"10":64,"11":1,"12":49,"13":1,"14":13,"15":6,"16":4,"17":3,"18":0,"19":0,"20":0,"21":0,"22":0,"23":0,"24":1,"25":26,"26":26,"27":26,"28":26,"29":49,"30":49,"31":23,"32":26,"33":26,"34":1,"35":26,"36":26,"37":26,"38":26,"39":13,"40":13,"41":3,"42":10,"43":1,"44":9,"45":1,"46":8,"47":26,"48":1,"49":59,"50":59,"51":0,"52":59,"53":59,"54":26,"55":26,"56":33,"57":11,"58":11,"59":22,"60":3,"61":3,"62":19,"63":0,"64":0,"65":0,"66":19,"67":7,"68":12,"69":1,"70":1,"71":1,"72":3,"73":1,"74":2,"75":1,"76":0,"77":1,"78":1,"79":1,"80":1,"81":3,"82":3,"83":1,"84":2,"85":1,"86":0,"87":1,"88":1,"89":0,"90":1,"91":1,"92":419,"93":1,"94":4,"95":4,"96":4,"97":4,"98":4,"99":4,"100":4,"101":8,"102":8,"103":4,"104":4,"105":4,"106":0,"107":4,"108":1,"109":3,"110":1,"111":4,"112":4,"113":403,"114":403,"115":0,"116":403,"117":0,"118":4,"119":1,"120":7,"121":7,"122":7,"123":0,"124":7,"125":7,"126":7,"127":7,"128":7,"129":7,"130":6,"131":1,"132":1,"133":5,"134":1,"135":1,"136":4,"137":0,"138":4,"139":4,"140":4,"141":1,"142":1,"143":1,"144":1,"145":0,"146":0,"147":0,"148":0,"149":1,"150":0,"151":0,"152":0,"153":0,"154":0,"155":0,"156":0,"157":0,"158":1,"159":0,"160":1,"161":1,"162":90,"163":90,"164":1,"165":89,"166":1,"167":1,"168":1,"169":3,"170":1,"171":25,"172":1,"173":0,"174":0,"175":0,"176":0,"177":0,"178":0,"179":0,"180":0,"181":0,"182":0,"183":0,"184":0,"185":1,"186":0,"187":0,"188":0,"189":0,"190":0,"191":0,"192":0,"193":0,"194":1,"195":3,"196":3,"197":3,"198":3,"199":3,"200":0,"201":3,"202":13,"203":13,"204":3,"205":3,"206":10,"207":0,"208":0,"209":0,"210":0,"211":0,"212":0,"213":0,"214":0,"215":0,"216":0,"217":0,"218":0,"219":0,"220":0,"221":0,"222":0,"223":0,"224":0,"225":0,"226":10,"227":0,"228":10,"229":3,"230":3,"231":0,"232":1,"233":23,"234":23,"235":23,"236":23,"237":23,"238":11,"239":11,"240":12,"241":12,"242":0,"243":23,"244":23,"245":1,"246":3,"247":3,"248":3,"249":3,"250":3,"251":3,"252":80,"253":80,"254":1,"255":1,"256":1,"257":1,"258":79,"259":20,"260":20,"261":59,"262":3,"263":1},"b":{"1":[64,64,64],"2":[49,49,49,26],"3":[6,4,3,0,0,0,0,0,0],"4":[6,6,6],"5":[4,4,4,4,4],"6":[3,3,3,3,3,3],"7":[0,0,0,0,0,0,0,0],"8":[0,0,0,0,0,0],"9":[0,0,0],"10":[0,0,0],"11":[23,26],"12":[13,13],"13":[3,10],"14":[1,9],"15":[1,8],"16":[9,8],"17":[0,59],"18":[26,33],"19":[11,22],"20":[33,33,33,33],"21":[3,19],"22":[22,22],"23":[0,19],"24":[0,0],"25":[7,12],"26":[1,2],"27":[0,1],"28":[1,2],"29":[3,3],"30":[0,1],"31":[1,0],"32":[0,1],"33":[1,1],"34":[4,0],"35":[4,4],"36":[0,4],"37":[4,0],"38":[1,3],"39":[4,3],"40":[0,403],"41":[403,403],"42":[0,403],"43":[0,7],"44":[7,0],"45":[7,0],"46":[6,1],"47":[1,5],"48":[6,5],"49":[1,4],"50":[5,4],"51":[0,4],"52":[4,4],"53":[4,0],"54":[4,0],"55":[0,1],"56":[0,1],"57":[1,1],"58":[0,0],"59":[0,0],"60":[0,0],"61":[0,0],"62":[0,1],"63":[1,0],"64":[1,89],"65":[90,89,89,89],"66":[0,0],"67":[0,0],"68":[0,0],"69":[0,0],"70":[0,0],"71":[0,0],"72":[0,0],"73":[0,3],"74":[3,3],"75":[3,10],"76":[0,10],"77":[0,0],"78":[0,0],"79":[0,0,0,0,0,0,0,0,0,0,0],"80":[0,0],"81":[0,0],"82":[0,0],"83":[0,0],"84":[0,10],"85":[3,0],"86":[11,12,0],"87":[1,79],"88":[1,0],"89":[1,1],"90":[20,59]},"f":{"1":64,"2":49,"3":13,"4":26,"5":26,"6":59,"7":1,"8":1,"9":419,"10":4,"11":4,"12":7,"13":90,"14":1,"15":3,"16":25,"17":0,"18":0,"19":3,"20":23,"21":3},"fnMap":{"1":{"name":"isIdStart","line":13,"loc":{"start":{"line":13,"column":0},"end":{"line":13,"column":23}}},"2":{"name":"isIdPart","line":18,"loc":{"start":{"line":18,"column":0},"end":{"line":18,"column":22}}},"3":{"name":"isKeyword","line":23,"loc":{"start":{"line":23,"column":0},"end":{"line":23,"column":23}}},"4":{"name":"getId","line":51,"loc":{"start":{"line":51,"column":0},"end":{"line":51,"column":17}}},"5":{"name":"scanId","line":67,"loc":{"start":{"line":67,"column":0},"end":{"line":67,"column":17}}},"6":{"name":"getNextToken","line":88,"loc":{"start":{"line":88,"column":0},"end":{"line":88,"column":23}}},"7":{"name":"scanHexLiteral","line":120,"loc":{"start":{"line":120,"column":0},"end":{"line":120,"column":26}}},"8":{"name":"scanBinaryliteral","line":136,"loc":{"start":{"line":136,"column":0},"end":{"line":136,"column":29}}},"9":{"name":"isOctalDigit","line":163,"loc":{"start":{"line":163,"column":0},"end":{"line":163,"column":26}}},"10":{"name":"scanOctalLiteral","line":167,"loc":{"start":{"line":167,"column":0},"end":{"line":167,"column":28}}},"11":{"name":"isImplicitOctal","line":194,"loc":{"start":{"line":194,"column":0},"end":{"line":194,"column":26}}},"12":{"name":"scanNumberLiteral","line":207,"loc":{"start":{"line":207,"column":0},"end":{"line":207,"column":29}}},"13":{"name":"isLineTerminal","line":268,"loc":{"start":{"line":268,"column":0},"end":{"line":268,"column":28}}},"14":{"name":"throwUnexpectedToken","line":275,"loc":{"start":{"line":275,"column":0},"end":{"line":275,"column":32}}},"15":{"name":"isHexDigit","line":278,"loc":{"start":{"line":278,"column":0},"end":{"line":278,"column":24}}},"16":{"name":"isDecimalDigit","line":281,"loc":{"start":{"line":281,"column":0},"end":{"line":281,"column":28}}},"17":{"name":"scanUnicode","line":284,"loc":{"start":{"line":284,"column":0},"end":{"line":284,"column":23}}},"18":{"name":"scanHexEscaped","line":302,"loc":{"start":{"line":302,"column":0},"end":{"line":302,"column":28}}},"19":{"name":"scanStringLiteral","line":315,"loc":{"start":{"line":315,"column":0},"end":{"line":315,"column":28}}},"20":{"name":"scanPuntuator","line":383,"loc":{"start":{"line":383,"column":0},"end":{"line":383,"column":25}}},"21":{"name":"tokenizer","line":404,"loc":{"start":{"line":404,"column":0},"end":{"line":404,"column":24}}}},"statementMap":{"1":{"start":{"line":1,"column":0},"end":{"line":1,"column":36}},"2":{"start":{"line":3,"column":0},"end":{"line":3,"column":25}},"3":{"start":{"line":4,"column":0},"end":{"line":4,"column":26}},"4":{"start":{"line":5,"column":0},"end":{"line":5,"column":56}},"5":{"start":{"line":7,"column":0},"end":{"line":7,"column":11}},"6":{"start":{"line":8,"column":0},"end":{"line":8,"column":8}},"7":{"start":{"line":9,"column":0},"end":{"line":9,"column":10}},"8":{"start":{"line":10,"column":0},"end":{"line":10,"column":7}},"9":{"start":{"line":13,"column":0},"end":{"line":16,"column":1}},"10":{"start":{"line":14,"column":2},"end":{"line":15,"column":28}},"11":{"start":{"line":18,"column":0},"end":{"line":22,"column":1}},"12":{"start":{"line":19,"column":2},"end":{"line":21,"column":30}},"13":{"start":{"line":23,"column":0},"end":{"line":49,"column":1}},"14":{"start":{"line":24,"column":2},"end":{"line":48,"column":3}},"15":{"start":{"line":26,"column":6},"end":{"line":26,"column":60}},"16":{"start":{"line":28,"column":6},"end":{"line":29,"column":42}},"17":{"start":{"line":31,"column":6},"end":{"line":32,"column":63}},"18":{"start":{"line":34,"column":6},"end":{"line":36,"column":46}},"19":{"start":{"line":38,"column":6},"end":{"line":39,"column":69}},"20":{"start":{"line":41,"column":6},"end":{"line":41,"column":75}},"21":{"start":{"line":43,"column":6},"end":{"line":43,"column":78}},"22":{"start":{"line":45,"column":6},"end":{"line":45,"column":34}},"23":{"start":{"line":47,"column":6},"end":{"line":47,"column":18}},"24":{"start":{"line":51,"column":0},"end":{"line":64,"column":1}},"25":{"start":{"line":52,"column":2},"end":{"line":52,"column":15}},"26":{"start":{"line":53,"column":2},"end":{"line":53,"column":15}},"27":{"start":{"line":54,"column":2},"end":{"line":54,"column":20}},"28":{"start":{"line":55,"column":2},"end":{"line":62,"column":3}},"29":{"start":{"line":56,"column":4},"end":{"line":56,"column":20}},"30":{"start":{"line":57,"column":4},"end":{"line":61,"column":5}},"31":{"start":{"line":58,"column":6},"end":{"line":58,"column":12}},"32":{"start":{"line":60,"column":6},"end":{"line":60,"column":11}},"33":{"start":{"line":63,"column":2},"end":{"line":63,"column":33}},"34":{"start":{"line":67,"column":0},"end":{"line":86,"column":1}},"35":{"start":{"line":68,"column":2},"end":{"line":68,"column":21}},"36":{"start":{"line":69,"column":2},"end":{"line":69,"column":13}},"37":{"start":{"line":70,"column":2},"end":{"line":70,"column":14}},"38":{"start":{"line":71,"column":2},"end":{"line":81,"column":3}},"39":{"start":{"line":72,"column":4},"end":{"line":72,"column":26}},"40":{"start":{"line":73,"column":8},"end":{"line":81,"column":3}},"41":{"start":{"line":74,"column":4},"end":{"line":74,"column":23}},"42":{"start":{"line":75,"column":9},"end":{"line":81,"column":3}},"43":{"start":{"line":76,"column":4},"end":{"line":76,"column":28}},"44":{"start":{"line":77,"column":9},"end":{"line":81,"column":3}},"45":{"start":{"line":78,"column":4},"end":{"line":78,"column":31}},"46":{"start":{"line":80,"column":4},"end":{"line":80,"column":26}},"47":{"start":{"line":82,"column":2},"end":{"line":85,"column":3}},"48":{"start":{"line":88,"column":0},"end":{"line":119,"column":1}},"49":{"start":{"line":89,"column":2},"end":{"line":89,"column":15}},"50":{"start":{"line":90,"column":2},"end":{"line":94,"column":3}},"51":{"start":{"line":91,"column":4},"end":{"line":93,"column":5}},"52":{"start":{"line":95,"column":2},"end":{"line":95,"column":18}},"53":{"start":{"line":96,"column":2},"end":{"line":99,"column":3}},"54":{"start":{"line":97,"column":4},"end":{"line":97,"column":20}},"55":{"start":{"line":98,"column":4},"end":{"line":98,"column":16}},"56":{"start":{"line":101,"column":2},"end":{"line":104,"column":3}},"57":{"start":{"line":102,"column":4},"end":{"line":102,"column":27}},"58":{"start":{"line":103,"column":4},"end":{"line":103,"column":16}},"59":{"start":{"line":105,"column":2},"end":{"line":108,"column":3}},"60":{"start":{"line":106,"column":4},"end":{"line":106,"column":31}},"61":{"start":{"line":107,"column":4},"end":{"line":107,"column":16}},"62":{"start":{"line":109,"column":2},"end":{"line":114,"column":3}},"63":{"start":{"line":110,"column":4},"end":{"line":112,"column":5}},"64":{"start":{"line":111,"column":6},"end":{"line":111,"column":32}},"65":{"start":{"line":113,"column":4},"end":{"line":113,"column":26}},"66":{"start":{"line":115,"column":2},"end":{"line":117,"column":3}},"67":{"start":{"line":116,"column":4},"end":{"line":116,"column":30}},"68":{"start":{"line":118,"column":2},"end":{"line":118,"column":24}},"69":{"start":{"line":120,"column":0},"end":{"line":135,"column":1}},"70":{"start":{"line":121,"column":2},"end":{"line":121,"column":17}},"71":{"start":{"line":122,"column":2},"end":{"line":127,"column":3}},"72":{"start":{"line":123,"column":4},"end":{"line":125,"column":5}},"73":{"start":{"line":124,"column":6},"end":{"line":124,"column":11}},"74":{"start":{"line":126,"column":4},"end":{"line":126,"column":27}},"75":{"start":{"line":128,"column":2},"end":{"line":130,"column":3}},"76":{"start":{"line":129,"column":4},"end":{"line":129,"column":26}},"77":{"start":{"line":131,"column":2},"end":{"line":134,"column":3}},"78":{"start":{"line":136,"column":0},"end":{"line":162,"column":1}},"79":{"start":{"line":137,"column":2},"end":{"line":137,"column":21}},"80":{"start":{"line":139,"column":2},"end":{"line":147,"column":3}},"81":{"start":{"line":140,"column":4},"end":{"line":140,"column":20}},"82":{"start":{"line":141,"column":4},"end":{"line":143,"column":5}},"83":{"start":{"line":142,"column":6},"end":{"line":142,"column":11}},"84":{"start":{"line":145,"column":4},"end":{"line":145,"column":27}},"85":{"start":{"line":149,"column":2},"end":{"line":151,"column":3}},"86":{"start":{"line":150,"column":4},"end":{"line":150,"column":26}},"87":{"start":{"line":152,"column":2},"end":{"line":156,"column":3}},"88":{"start":{"line":153,"column":4},"end":{"line":155,"column":5}},"89":{"start":{"line":154,"column":6},"end":{"line":154,"column":28}},"90":{"start":{"line":157,"column":2},"end":{"line":160,"column":3}},"91":{"start":{"line":163,"column":0},"end":{"line":166,"column":1}},"92":{"start":{"line":165,"column":2},"end":{"line":165,"column":36}},"93":{"start":{"line":167,"column":0},"end":{"line":193,"column":1}},"94":{"start":{"line":168,"column":2},"end":{"line":168,"column":38}},"95":{"start":{"line":169,"column":2},"end":{"line":169,"column":18}},"96":{"start":{"line":170,"column":2},"end":{"line":173,"column":3}},"97":{"start":{"line":171,"column":6},"end":{"line":171,"column":20}},"98":{"start":{"line":172,"column":6},"end":{"line":172,"column":23}},"99":{"start":{"line":174,"column":2},"end":{"line":174,"column":7}},"100":{"start":{"line":175,"column":2},"end":{"line":182,"column":3}},"101":{"start":{"line":176,"column":4},"end":{"line":176,"column":20}},"102":{"start":{"line":177,"column":4},"end":{"line":181,"column":5}},"103":{"start":{"line":178,"column":6},"end":{"line":178,"column":11}},"104":{"start":{"line":180,"column":6},"end":{"line":180,"column":29}},"105":{"start":{"line":183,"column":2},"end":{"line":185,"column":3}},"106":{"start":{"line":184,"column":4},"end":{"line":184,"column":26}},"107":{"start":{"line":186,"column":2},"end":{"line":188,"column":3}},"108":{"start":{"line":187,"column":4},"end":{"line":187,"column":26}},"109":{"start":{"line":189,"column":2},"end":{"line":192,"column":3}},"110":{"start":{"line":194,"column":0},"end":{"line":206,"column":1}},"111":{"start":{"line":195,"column":2},"end":{"line":195,"column":11}},"112":{"start":{"line":196,"column":2},"end":{"line":204,"column":3}},"113":{"start":{"line":197,"column":4},"end":{"line":197,"column":20}},"114":{"start":{"line":198,"column":4},"end":{"line":200,"column":5}},"115":{"start":{"line":199,"column":6},"end":{"line":199,"column":18}},"116":{"start":{"line":201,"column":4},"end":{"line":203,"column":5}},"117":{"start":{"line":202,"column":6},"end":{"line":202,"column":17}},"118":{"start":{"line":205,"column":2},"end":{"line":205,"column":13}},"119":{"start":{"line":207,"column":0},"end":{"line":267,"column":1}},"120":{"start":{"line":208,"column":2},"end":{"line":208,"column":23}},"121":{"start":{"line":209,"column":2},"end":{"line":209,"column":18}},"122":{"start":{"line":210,"column":2},"end":{"line":212,"column":3}},"123":{"start":{"line":211,"column":4},"end":{"line":211,"column":58}},"124":{"start":{"line":213,"column":2},"end":{"line":213,"column":13}},"125":{"start":{"line":214,"column":2},"end":{"line":214,"column":13}},"126":{"start":{"line":215,"column":2},"end":{"line":238,"column":3}},"127":{"start":{"line":216,"column":4},"end":{"line":216,"column":26}},"128":{"start":{"line":217,"column":4},"end":{"line":217,"column":20}},"129":{"start":{"line":218,"column":4},"end":{"line":233,"column":5}},"130":{"start":{"line":219,"column":6},"end":{"line":227,"column":7}},"131":{"start":{"line":220,"column":8},"end":{"line":220,"column":13}},"132":{"start":{"line":221,"column":8},"end":{"line":221,"column":31}},"133":{"start":{"line":222,"column":13},"end":{"line":227,"column":7}},"134":{"start":{"line":223,"column":8},"end":{"line":223,"column":13}},"135":{"start":{"line":224,"column":8},"end":{"line":224,"column":34}},"136":{"start":{"line":225,"column":13},"end":{"line":227,"column":7}},"137":{"start":{"line":226,"column":8},"end":{"line":226,"column":33}},"138":{"start":{"line":228,"column":6},"end":{"line":232,"column":7}},"139":{"start":{"line":229,"column":8},"end":{"line":231,"column":9}},"140":{"start":{"line":230,"column":10},"end":{"line":230,"column":35}},"141":{"start":{"line":234,"column":4},"end":{"line":236,"column":5}},"142":{"start":{"line":235,"column":6},"end":{"line":235,"column":29}},"143":{"start":{"line":237,"column":4},"end":{"line":237,"column":20}},"144":{"start":{"line":239,"column":2},"end":{"line":245,"column":3}},"145":{"start":{"line":240,"column":4},"end":{"line":240,"column":28}},"146":{"start":{"line":241,"column":12},"end":{"line":243,"column":13}},"147":{"start":{"line":242,"column":16},"end":{"line":242,"column":39}},"148":{"start":{"line":244,"column":12},"end":{"line":244,"column":28}},"149":{"start":{"line":246,"column":2},"end":{"line":259,"column":3}},"150":{"start":{"line":247,"column":4},"end":{"line":247,"column":27}},"151":{"start":{"line":248,"column":4},"end":{"line":248,"column":20}},"152":{"start":{"line":249,"column":4},"end":{"line":251,"column":5}},"153":{"start":{"line":250,"column":6},"end":{"line":250,"column":29}},"154":{"start":{"line":252,"column":4},"end":{"line":258,"column":5}},"155":{"start":{"line":253,"column":6},"end":{"line":255,"column":7}},"156":{"start":{"line":254,"column":8},"end":{"line":254,"column":31}},"157":{"start":{"line":257,"column":6},"end":{"line":257,"column":28}},"158":{"start":{"line":260,"column":2},"end":{"line":262,"column":3}},"159":{"start":{"line":261,"column":4},"end":{"line":261,"column":26}},"160":{"start":{"line":263,"column":2},"end":{"line":266,"column":3}},"161":{"start":{"line":268,"column":0},"end":{"line":274,"column":1}},"162":{"start":{"line":269,"column":2},"end":{"line":269,"column":29}},"163":{"start":{"line":270,"column":2},"end":{"line":272,"column":3}},"164":{"start":{"line":271,"column":4},"end":{"line":271,"column":15}},"165":{"start":{"line":273,"column":2},"end":{"line":273,"column":14}},"166":{"start":{"line":275,"column":0},"end":{"line":277,"column":1}},"167":{"start":{"line":276,"column":2},"end":{"line":276,"column":43}},"168":{"start":{"line":278,"column":0},"end":{"line":280,"column":1}},"169":{"start":{"line":279,"column":2},"end":{"line":279,"column":30}},"170":{"start":{"line":281,"column":0},"end":{"line":283,"column":1}},"171":{"start":{"line":282,"column":2},"end":{"line":282,"column":27}},"172":{"start":{"line":284,"column":0},"end":{"line":301,"column":1}},"173":{"start":{"line":285,"column":2},"end":{"line":285,"column":18}},"174":{"start":{"line":286,"column":2},"end":{"line":286,"column":18}},"175":{"start":{"line":287,"column":2},"end":{"line":289,"column":3}},"176":{"start":{"line":288,"column":4},"end":{"line":288,"column":26}},"177":{"start":{"line":290,"column":2},"end":{"line":296,"column":3}},"178":{"start":{"line":291,"column":5},"end":{"line":291,"column":23}},"179":{"start":{"line":292,"column":5},"end":{"line":294,"column":6}},"180":{"start":{"line":293,"column":7},"end":{"line":293,"column":13}},"181":{"start":{"line":295,"column":5},"end":{"line":295,"column":68}},"182":{"start":{"line":297,"column":2},"end":{"line":299,"column":3}},"183":{"start":{"line":298,"column":4},"end":{"line":298,"column":26}},"184":{"start":{"line":300,"column":2},"end":{"line":300,"column":34}},"185":{"start":{"line":302,"column":0},"end":{"line":314,"column":1}},"186":{"start":{"line":303,"column":2},"end":{"line":303,"column":22}},"187":{"start":{"line":304,"column":2},"end":{"line":304,"column":25}},"188":{"start":{"line":305,"column":2},"end":{"line":312,"column":3}},"189":{"start":{"line":306,"column":4},"end":{"line":311,"column":5}},"190":{"start":{"line":307,"column":6},"end":{"line":307,"column":24}},"191":{"start":{"line":308,"column":6},"end":{"line":308,"column":69}},"192":{"start":{"line":310,"column":6},"end":{"line":310,"column":15}},"193":{"start":{"line":313,"column":2},"end":{"line":313,"column":34}},"194":{"start":{"line":315,"column":0},"end":{"line":382,"column":1}},"195":{"start":{"line":316,"column":2},"end":{"line":316,"column":57}},"196":{"start":{"line":317,"column":2},"end":{"line":317,"column":18}},"197":{"start":{"line":318,"column":2},"end":{"line":318,"column":13}},"198":{"start":{"line":319,"column":2},"end":{"line":319,"column":7}},"199":{"start":{"line":320,"column":2},"end":{"line":322,"column":3}},"200":{"start":{"line":321,"column":4},"end":{"line":321,"column":62}},"201":{"start":{"line":323,"column":2},"end":{"line":372,"column":3}},"202":{"start":{"line":324,"column":4},"end":{"line":324,"column":26}},"203":{"start":{"line":325,"column":4},"end":{"line":328,"column":5}},"204":{"start":{"line":326,"column":8},"end":{"line":326,"column":22}},"205":{"start":{"line":327,"column":8},"end":{"line":327,"column":13}},"206":{"start":{"line":329,"column":4},"end":{"line":371,"column":5}},"207":{"start":{"line":330,"column":6},"end":{"line":330,"column":24}},"208":{"start":{"line":331,"column":6},"end":{"line":366,"column":7}},"209":{"start":{"line":332,"column":8},"end":{"line":361,"column":9}},"210":{"start":{"line":335,"column":12},"end":{"line":344,"column":13}},"211":{"start":{"line":336,"column":14},"end":{"line":336,"column":19}},"212":{"start":{"line":337,"column":14},"end":{"line":337,"column":34}},"213":{"start":{"line":339,"column":14},"end":{"line":339,"column":44}},"214":{"start":{"line":340,"column":14},"end":{"line":342,"column":15}},"215":{"start":{"line":341,"column":16},"end":{"line":341,"column":38}},"216":{"start":{"line":343,"column":14},"end":{"line":343,"column":30}},"217":{"start":{"line":345,"column":12},"end":{"line":345,"column":18}},"218":{"start":{"line":352,"column":12},"end":{"line":352,"column":28}},"219":{"start":{"line":353,"column":12},"end":{"line":353,"column":18}},"220":{"start":{"line":356,"column":12},"end":{"line":356,"column":21}},"221":{"start":{"line":357,"column":12},"end":{"line":357,"column":34}},"222":{"start":{"line":358,"column":12},"end":{"line":358,"column":17}},"223":{"start":{"line":360,"column":12},"end":{"line":360,"column":21}},"224":{"start":{"line":363,"column":8},"end":{"line":365,"column":9}},"225":{"start":{"line":364,"column":10},"end":{"line":364,"column":15}},"226":{"start":{"line":367,"column":11},"end":{"line":371,"column":5}},"227":{"start":{"line":368,"column":6},"end":{"line":368,"column":11}},"228":{"start":{"line":370,"column":6},"end":{"line":370,"column":15}},"229":{"start":{"line":373,"column":2},"end":{"line":381,"column":3}},"230":{"start":{"line":374,"column":4},"end":{"line":377,"column":5}},"231":{"start":{"line":380,"column":4},"end":{"line":380,"column":26}},"232":{"start":{"line":383,"column":0},"end":{"line":403,"column":1}},"233":{"start":{"line":384,"column":2},"end":{"line":384,"column":22}},"234":{"start":{"line":385,"column":2},"end":{"line":388,"column":3}},"235":{"start":{"line":389,"column":2},"end":{"line":389,"column":13}},"236":{"start":{"line":390,"column":2},"end":{"line":390,"column":18}},"237":{"start":{"line":391,"column":2},"end":{"line":400,"column":3}},"238":{"start":{"line":393,"column":6},"end":{"line":393,"column":11}},"239":{"start":{"line":394,"column":6},"end":{"line":394,"column":11}},"240":{"start":{"line":396,"column":6},"end":{"line":396,"column":11}},"241":{"start":{"line":397,"column":6},"end":{"line":397,"column":11}},"242":{"start":{"line":399,"column":6},"end":{"line":399,"column":28}},"243":{"start":{"line":401,"column":2},"end":{"line":401,"column":40}},"244":{"start":{"line":402,"column":2},"end":{"line":402,"column":14}},"245":{"start":{"line":404,"column":0},"end":{"line":432,"column":1}},"246":{"start":{"line":405,"column":2},"end":{"line":405,"column":9}},"247":{"start":{"line":406,"column":2},"end":{"line":406,"column":14}},"248":{"start":{"line":407,"column":2},"end":{"line":407,"column":21}},"249":{"start":{"line":408,"column":2},"end":{"line":408,"column":18}},"250":{"start":{"line":409,"column":2},"end":{"line":430,"column":3}},"251":{"start":{"line":410,"column":4},"end":{"line":427,"column":5}},"252":{"start":{"line":411,"column":6},"end":{"line":411,"column":23}},"253":{"start":{"line":412,"column":6},"end":{"line":421,"column":7}},"254":{"start":{"line":413,"column":8},"end":{"line":418,"column":9}},"255":{"start":{"line":414,"column":10},"end":{"line":417,"column":12}},"256":{"start":{"line":419,"column":8},"end":{"line":419,"column":13}},"257":{"start":{"line":420,"column":8},"end":{"line":420,"column":16}},"258":{"start":{"line":422,"column":6},"end":{"line":425,"column":7}},"259":{"start":{"line":423,"column":8},"end":{"line":423,"column":13}},"260":{"start":{"line":424,"column":8},"end":{"line":424,"column":16}},"261":{"start":{"line":426,"column":6},"end":{"line":426,"column":37}},"262":{"start":{"line":431,"column":2},"end":{"line":431,"column":19}},"263":{"start":{"line":433,"column":0},"end":{"line":433,"column":27}}},"branchMap":{"1":{"line":14,"type":"binary-expr","locations":[{"start":{"line":14,"column":10},"end":{"line":14,"column":20}},{"start":{"line":14,"column":26},"end":{"line":14,"column":36}},{"start":{"line":15,"column":9},"end":{"line":15,"column":27}}]},"2":{"line":19,"type":"binary-expr","locations":[{"start":{"line":19,"column":10},"end":{"line":19,"column":20}},{"start":{"line":19,"column":26},"end":{"line":19,"column":36}},{"start":{"line":20,"column":12},"end":{"line":20,"column":30}},{"start":{"line":21,"column":12},"end":{"line":21,"column":30}}]},"3":{"line":24,"type":"switch","locations":[{"start":{"line":25,"column":4},"end":{"line":26,"column":60}},{"start":{"line":27,"column":4},"end":{"line":29,"column":42}},{"start":{"line":30,"column":4},"end":{"line":32,"column":63}},{"start":{"line":33,"column":4},"end":{"line":36,"column":46}},{"start":{"line":37,"column":4},"end":{"line":39,"column":69}},{"start":{"line":40,"column":4},"end":{"line":41,"column":75}},{"start":{"line":42,"column":4},"end":{"line":43,"column":78}},{"start":{"line":44,"column":4},"end":{"line":45,"column":34}},{"start":{"line":46,"column":4},"end":{"line":47,"column":18}}]},"4":{"line":26,"type":"binary-expr","locations":[{"start":{"line":26,"column":14},"end":{"line":26,"column":25}},{"start":{"line":26,"column":31},"end":{"line":26,"column":42}},{"start":{"line":26,"column":48},"end":{"line":26,"column":59}}]},"5":{"line":28,"type":"binary-expr","locations":[{"start":{"line":28,"column":14},"end":{"line":28,"column":26}},{"start":{"line":28,"column":32},"end":{"line":28,"column":44}},{"start":{"line":28,"column":50},"end":{"line":28,"column":62}},{"start":{"line":29,"column":11},"end":{"line":29,"column":23}},{"start":{"line":29,"column":29},"end":{"line":29,"column":41}}]},"6":{"line":31,"type":"binary-expr","locations":[{"start":{"line":31,"column":14},"end":{"line":31,"column":27}},{"start":{"line":31,"column":33},"end":{"line":31,"column":46}},{"start":{"line":31,"column":52},"end":{"line":31,"column":65}},{"start":{"line":32,"column":11},"end":{"line":32,"column":24}},{"start":{"line":32,"column":30},"end":{"line":32,"column":43}},{"start":{"line":32,"column":49},"end":{"line":32,"column":62}}]},"7":{"line":34,"type":"binary-expr","locations":[{"start":{"line":34,"column":14},"end":{"line":34,"column":28}},{"start":{"line":34,"column":34},"end":{"line":34,"column":48}},{"start":{"line":34,"column":54},"end":{"line":34,"column":68}},{"start":{"line":35,"column":11},"end":{"line":35,"column":25}},{"start":{"line":35,"column":31},"end":{"line":35,"column":45}},{"start":{"line":35,"column":51},"end":{"line":35,"column":65}},{"start":{"line":36,"column":11},"end":{"line":36,"column":25}},{"start":{"line":36,"column":31},"end":{"line":36,"column":45}}]},"8":{"line":38,"type":"binary-expr","locations":[{"start":{"line":38,"column":14},"end":{"line":38,"column":29}},{"start":{"line":38,"column":35},"end":{"line":38,"column":50}},{"start":{"line":38,"column":56},"end":{"line":38,"column":71}},{"start":{"line":39,"column":11},"end":{"line":39,"column":26}},{"start":{"line":39,"column":32},"end":{"line":39,"column":47}},{"start":{"line":39,"column":53},"end":{"line":39,"column":68}}]},"9":{"line":41,"type":"binary-expr","locations":[{"start":{"line":41,"column":14},"end":{"line":41,"column":30}},{"start":{"line":41,"column":36},"end":{"line":41,"column":52}},{"start":{"line":41,"column":58},"end":{"line":41,"column":74}}]},"10":{"line":43,"type":"binary-expr","locations":[{"start":{"line":43,"column":14},"end":{"line":43,"column":31}},{"start":{"line":43,"column":37},"end":{"line":43,"column":54}},{"start":{"line":43,"column":60},"end":{"line":43,"column":77}}]},"11":{"line":57,"type":"if","locations":[{"start":{"line":57,"column":4},"end":{"line":57,"column":4}},{"start":{"line":57,"column":4},"end":{"line":57,"column":4}}]},"12":{"line":71,"type":"if","locations":[{"start":{"line":71,"column":2},"end":{"line":71,"column":2}},{"start":{"line":71,"column":2},"end":{"line":71,"column":2}}]},"13":{"line":73,"type":"if","locations":[{"start":{"line":73,"column":8},"end":{"line":73,"column":8}},{"start":{"line":73,"column":8},"end":{"line":73,"column":8}}]},"14":{"line":75,"type":"if","locations":[{"start":{"line":75,"column":9},"end":{"line":75,"column":9}},{"start":{"line":75,"column":9},"end":{"line":75,"column":9}}]},"15":{"line":77,"type":"if","locations":[{"start":{"line":77,"column":9},"end":{"line":77,"column":9}},{"start":{"line":77,"column":9},"end":{"line":77,"column":9}}]},"16":{"line":77,"type":"binary-expr","locations":[{"start":{"line":77,"column":12},"end":{"line":77,"column":25}},{"start":{"line":77,"column":29},"end":{"line":77,"column":41}}]},"17":{"line":90,"type":"if","locations":[{"start":{"line":90,"column":2},"end":{"line":90,"column":2}},{"start":{"line":90,"column":2},"end":{"line":90,"column":2}}]},"18":{"line":96,"type":"if","locations":[{"start":{"line":96,"column":2},"end":{"line":96,"column":2}},{"start":{"line":96,"column":2},"end":{"line":96,"column":2}}]},"19":{"line":101,"type":"if","locations":[{"start":{"line":101,"column":2},"end":{"line":101,"column":2}},{"start":{"line":101,"column":2},"end":{"line":101,"column":2}}]},"20":{"line":101,"type":"binary-expr","locations":[{"start":{"line":101,"column":5},"end":{"line":101,"column":15}},{"start":{"line":101,"column":19},"end":{"line":101,"column":29}},{"start":{"line":101,"column":33},"end":{"line":101,"column":43}},{"start":{"line":101,"column":47},"end":{"line":101,"column":56}}]},"21":{"line":105,"type":"if","locations":[{"start":{"line":105,"column":2},"end":{"line":105,"column":2}},{"start":{"line":105,"column":2},"end":{"line":105,"column":2}}]},"22":{"line":105,"type":"binary-expr","locations":[{"start":{"line":105,"column":5},"end":{"line":105,"column":15}},{"start":{"line":105,"column":18},"end":{"line":105,"column":29}}]},"23":{"line":109,"type":"if","locations":[{"start":{"line":109,"column":2},"end":{"line":109,"column":2}},{"start":{"line":109,"column":2},"end":{"line":109,"column":2}}]},"24":{"line":110,"type":"if","locations":[{"start":{"line":110,"column":4},"end":{"line":110,"column":4}},{"start":{"line":110,"column":4},"end":{"line":110,"column":4}}]},"25":{"line":115,"type":"if","locations":[{"start":{"line":115,"column":2},"end":{"line":115,"column":2}},{"start":{"line":115,"column":2},"end":{"line":115,"column":2}}]},"26":{"line":123,"type":"if","locations":[{"start":{"line":123,"column":4},"end":{"line":123,"column":4}},{"start":{"line":123,"column":4},"end":{"line":123,"column":4}}]},"27":{"line":128,"type":"if","locations":[{"start":{"line":128,"column":2},"end":{"line":128,"column":2}},{"start":{"line":128,"column":2},"end":{"line":128,"column":2}}]},"28":{"line":141,"type":"if","locations":[{"start":{"line":141,"column":4},"end":{"line":141,"column":4}},{"start":{"line":141,"column":4},"end":{"line":141,"column":4}}]},"29":{"line":141,"type":"binary-expr","locations":[{"start":{"line":141,"column":7},"end":{"line":141,"column":16}},{"start":{"line":141,"column":20},"end":{"line":141,"column":29}}]},"30":{"line":149,"type":"if","locations":[{"start":{"line":149,"column":2},"end":{"line":149,"column":2}},{"start":{"line":149,"column":2},"end":{"line":149,"column":2}}]},"31":{"line":152,"type":"if","locations":[{"start":{"line":152,"column":2},"end":{"line":152,"column":2}},{"start":{"line":152,"column":2},"end":{"line":152,"column":2}}]},"32":{"line":153,"type":"if","locations":[{"start":{"line":153,"column":4},"end":{"line":153,"column":4}},{"start":{"line":153,"column":4},"end":{"line":153,"column":4}}]},"33":{"line":153,"type":"binary-expr","locations":[{"start":{"line":153,"column":7},"end":{"line":153,"column":20}},{"start":{"line":153,"column":24},"end":{"line":153,"column":42}}]},"34":{"line":170,"type":"if","locations":[{"start":{"line":170,"column":2},"end":{"line":170,"column":2}},{"start":{"line":170,"column":2},"end":{"line":170,"column":2}}]},"35":{"line":177,"type":"if","locations":[{"start":{"line":177,"column":4},"end":{"line":177,"column":4}},{"start":{"line":177,"column":4},"end":{"line":177,"column":4}}]},"36":{"line":183,"type":"if","locations":[{"start":{"line":183,"column":2},"end":{"line":183,"column":2}},{"start":{"line":183,"column":2},"end":{"line":183,"column":2}}]},"37":{"line":183,"type":"binary-expr","locations":[{"start":{"line":183,"column":5},"end":{"line":183,"column":13}},{"start":{"line":183,"column":17},"end":{"line":183,"column":36}}]},"38":{"line":186,"type":"if","locations":[{"start":{"line":186,"column":2},"end":{"line":186,"column":2}},{"start":{"line":186,"column":2},"end":{"line":186,"column":2}}]},"39":{"line":186,"type":"binary-expr","locations":[{"start":{"line":186,"column":5},"end":{"line":186,"column":18}},{"start":{"line":186,"column":22},"end":{"line":186,"column":40}}]},"40":{"line":198,"type":"if","locations":[{"start":{"line":198,"column":4},"end":{"line":198,"column":4}},{"start":{"line":198,"column":4},"end":{"line":198,"column":4}}]},"41":{"line":198,"type":"binary-expr","locations":[{"start":{"line":198,"column":7},"end":{"line":198,"column":17}},{"start":{"line":198,"column":19},"end":{"line":198,"column":29}}]},"42":{"line":201,"type":"if","locations":[{"start":{"line":201,"column":4},"end":{"line":201,"column":4}},{"start":{"line":201,"column":4},"end":{"line":201,"column":4}}]},"43":{"line":210,"type":"if","locations":[{"start":{"line":210,"column":2},"end":{"line":210,"column":2}},{"start":{"line":210,"column":2},"end":{"line":210,"column":2}}]},"44":{"line":210,"type":"binary-expr","locations":[{"start":{"line":210,"column":5},"end":{"line":210,"column":24}},{"start":{"line":210,"column":28},"end":{"line":210,"column":38}}]},"45":{"line":215,"type":"if","locations":[{"start":{"line":215,"column":2},"end":{"line":215,"column":2}},{"start":{"line":215,"column":2},"end":{"line":215,"column":2}}]},"46":{"line":218,"type":"if","locations":[{"start":{"line":218,"column":4},"end":{"line":218,"column":4}},{"start":{"line":218,"column":4},"end":{"line":218,"column":4}}]},"47":{"line":219,"type":"if","locations":[{"start":{"line":219,"column":6},"end":{"line":219,"column":6}},{"start":{"line":219,"column":6},"end":{"line":219,"column":6}}]},"48":{"line":219,"type":"binary-expr","locations":[{"start":{"line":219,"column":9},"end":{"line":219,"column":19}},{"start":{"line":219,"column":23},"end":{"line":219,"column":33}}]},"49":{"line":222,"type":"if","locations":[{"start":{"line":222,"column":13},"end":{"line":222,"column":13}},{"start":{"line":222,"column":13},"end":{"line":222,"column":13}}]},"50":{"line":222,"type":"binary-expr","locations":[{"start":{"line":222,"column":16},"end":{"line":222,"column":26}},{"start":{"line":222,"column":30},"end":{"line":222,"column":40}}]},"51":{"line":225,"type":"if","locations":[{"start":{"line":225,"column":13},"end":{"line":225,"column":13}},{"start":{"line":225,"column":13},"end":{"line":225,"column":13}}]},"52":{"line":225,"type":"binary-expr","locations":[{"start":{"line":225,"column":16},"end":{"line":225,"column":26}},{"start":{"line":225,"column":30},"end":{"line":225,"column":40}}]},"53":{"line":228,"type":"if","locations":[{"start":{"line":228,"column":6},"end":{"line":228,"column":6}},{"start":{"line":228,"column":6},"end":{"line":228,"column":6}}]},"54":{"line":229,"type":"if","locations":[{"start":{"line":229,"column":8},"end":{"line":229,"column":8}},{"start":{"line":229,"column":8},"end":{"line":229,"column":8}}]},"55":{"line":239,"type":"if","locations":[{"start":{"line":239,"column":2},"end":{"line":239,"column":2}},{"start":{"line":239,"column":2},"end":{"line":239,"column":2}}]},"56":{"line":246,"type":"if","locations":[{"start":{"line":246,"column":2},"end":{"line":246,"column":2}},{"start":{"line":246,"column":2},"end":{"line":246,"column":2}}]},"57":{"line":246,"type":"binary-expr","locations":[{"start":{"line":246,"column":5},"end":{"line":246,"column":15}},{"start":{"line":246,"column":19},"end":{"line":246,"column":29}}]},"58":{"line":249,"type":"if","locations":[{"start":{"line":249,"column":4},"end":{"line":249,"column":4}},{"start":{"line":249,"column":4},"end":{"line":249,"column":4}}]},"59":{"line":249,"type":"binary-expr","locations":[{"start":{"line":249,"column":7},"end":{"line":249,"column":17}},{"start":{"line":249,"column":21},"end":{"line":249,"column":31}}]},"60":{"line":252,"type":"if","locations":[{"start":{"line":252,"column":4},"end":{"line":252,"column":4}},{"start":{"line":252,"column":4},"end":{"line":252,"column":4}}]},"61":{"line":253,"type":"binary-expr","locations":[{"start":{"line":253,"column":12},"end":{"line":253,"column":39}},{"start":{"line":253,"column":43},"end":{"line":253,"column":52}}]},"62":{"line":260,"type":"if","locations":[{"start":{"line":260,"column":2},"end":{"line":260,"column":2}},{"start":{"line":260,"column":2},"end":{"line":260,"column":2}}]},"63":{"line":260,"type":"binary-expr","locations":[{"start":{"line":260,"column":5},"end":{"line":260,"column":16}},{"start":{"line":260,"column":20},"end":{"line":260,"column":42}}]},"64":{"line":270,"type":"if","locations":[{"start":{"line":270,"column":2},"end":{"line":270,"column":2}},{"start":{"line":270,"column":2},"end":{"line":270,"column":2}}]},"65":{"line":270,"type":"binary-expr","locations":[{"start":{"line":270,"column":5},"end":{"line":270,"column":18}},{"start":{"line":270,"column":22},"end":{"line":270,"column":35}},{"start":{"line":270,"column":39},"end":{"line":270,"column":54}},{"start":{"line":270,"column":58},"end":{"line":270,"column":73}}]},"66":{"line":287,"type":"if","locations":[{"start":{"line":287,"column":2},"end":{"line":287,"column":2}},{"start":{"line":287,"column":2},"end":{"line":287,"column":2}}]},"67":{"line":292,"type":"if","locations":[{"start":{"line":292,"column":5},"end":{"line":292,"column":5}},{"start":{"line":292,"column":5},"end":{"line":292,"column":5}}]},"68":{"line":297,"type":"if","locations":[{"start":{"line":297,"column":2},"end":{"line":297,"column":2}},{"start":{"line":297,"column":2},"end":{"line":297,"column":2}}]},"69":{"line":297,"type":"binary-expr","locations":[{"start":{"line":297,"column":5},"end":{"line":297,"column":20}},{"start":{"line":297,"column":24},"end":{"line":297,"column":34}}]},"70":{"line":304,"type":"cond-expr","locations":[{"start":{"line":304,"column":22},"end":{"line":304,"column":23}},{"start":{"line":304,"column":24},"end":{"line":304,"column":25}}]},"71":{"line":306,"type":"if","locations":[{"start":{"line":306,"column":4},"end":{"line":306,"column":4}},{"start":{"line":306,"column":4},"end":{"line":306,"column":4}}]},"72":{"line":306,"type":"binary-expr","locations":[{"start":{"line":306,"column":7},"end":{"line":306,"column":16}},{"start":{"line":306,"column":20},"end":{"line":306,"column":43}}]},"73":{"line":320,"type":"if","locations":[{"start":{"line":320,"column":2},"end":{"line":320,"column":2}},{"start":{"line":320,"column":2},"end":{"line":320,"column":2}}]},"74":{"line":320,"type":"binary-expr","locations":[{"start":{"line":320,"column":5},"end":{"line":320,"column":15}},{"start":{"line":320,"column":19},"end":{"line":320,"column":30}}]},"75":{"line":325,"type":"if","locations":[{"start":{"line":325,"column":4},"end":{"line":325,"column":4}},{"start":{"line":325,"column":4},"end":{"line":325,"column":4}}]},"76":{"line":329,"type":"if","locations":[{"start":{"line":329,"column":4},"end":{"line":329,"column":4}},{"start":{"line":329,"column":4},"end":{"line":329,"column":4}}]},"77":{"line":331,"type":"if","locations":[{"start":{"line":331,"column":6},"end":{"line":331,"column":6}},{"start":{"line":331,"column":6},"end":{"line":331,"column":6}}]},"78":{"line":331,"type":"binary-expr","locations":[{"start":{"line":331,"column":9},"end":{"line":331,"column":12}},{"start":{"line":331,"column":16},"end":{"line":331,"column":35}}]},"79":{"line":332,"type":"switch","locations":[{"start":{"line":333,"column":10},"end":{"line":333,"column":19}},{"start":{"line":334,"column":10},"end":{"line":345,"column":18}},{"start":{"line":346,"column":10},"end":{"line":346,"column":19}},{"start":{"line":347,"column":10},"end":{"line":347,"column":19}},{"start":{"line":348,"column":10},"end":{"line":348,"column":19}},{"start":{"line":349,"column":10},"end":{"line":349,"column":19}},{"start":{"line":350,"column":10},"end":{"line":350,"column":19}},{"start":{"line":351,"column":10},"end":{"line":353,"column":18}},{"start":{"line":354,"column":10},"end":{"line":354,"column":19}},{"start":{"line":355,"column":10},"end":{"line":358,"column":17}},{"start":{"line":359,"column":10},"end":{"line":360,"column":21}}]},"80":{"line":335,"type":"if","locations":[{"start":{"line":335,"column":12},"end":{"line":335,"column":12}},{"start":{"line":335,"column":12},"end":{"line":335,"column":12}}]},"81":{"line":340,"type":"if","locations":[{"start":{"line":340,"column":14},"end":{"line":340,"column":14}},{"start":{"line":340,"column":14},"end":{"line":340,"column":14}}]},"82":{"line":363,"type":"if","locations":[{"start":{"line":363,"column":8},"end":{"line":363,"column":8}},{"start":{"line":363,"column":8},"end":{"line":363,"column":8}}]},"83":{"line":363,"type":"binary-expr","locations":[{"start":{"line":363,"column":11},"end":{"line":363,"column":22}},{"start":{"line":363,"column":26},"end":{"line":363,"column":47}}]},"84":{"line":367,"type":"if","locations":[{"start":{"line":367,"column":11},"end":{"line":367,"column":11}},{"start":{"line":367,"column":11},"end":{"line":367,"column":11}}]},"85":{"line":373,"type":"if","locations":[{"start":{"line":373,"column":2},"end":{"line":373,"column":2}},{"start":{"line":373,"column":2},"end":{"line":373,"column":2}}]},"86":{"line":391,"type":"switch","locations":[{"start":{"line":392,"column":4},"end":{"line":394,"column":11}},{"start":{"line":395,"column":4},"end":{"line":397,"column":11}},{"start":{"line":398,"column":4},"end":{"line":399,"column":28}}]},"87":{"line":412,"type":"if","locations":[{"start":{"line":412,"column":6},"end":{"line":412,"column":6}},{"start":{"line":412,"column":6},"end":{"line":412,"column":6}}]},"88":{"line":413,"type":"if","locations":[{"start":{"line":413,"column":8},"end":{"line":413,"column":8}},{"start":{"line":413,"column":8},"end":{"line":413,"column":8}}]},"89":{"line":413,"type":"binary-expr","locations":[{"start":{"line":413,"column":11},"end":{"line":413,"column":30}},{"start":{"line":413,"column":34},"end":{"line":413,"column":82}}]},"90":{"line":422,"type":"if","locations":[{"start":{"line":422,"column":6},"end":{"line":422,"column":6}},{"start":{"line":422,"column":6},"end":{"line":422,"column":6}}]}}}}