TN:
SF:/Users/fanqi/Documents/mine/lucefer/continue-assign-parser/src/compiler/parser.js
FN:4,Node
FN:10,parse
FN:25,parseProgram
FN:52,parseScriptBody
FN:60,parseStatementListItem
FN:75,parseVariableDeclarationList
FN:80,parseVariableDeclaration
FN:94,parseEqualVariableDeclaration
FN:120,(anonymous_9)
FN:152,isPunctuator
FNF:10
FNH:10
FNDA:12,Node
FNDA:2,parse
FNDA:2,parseProgram
FNDA:2,parseScriptBody
FNDA:2,parseStatementListItem
FNDA:2,parseVariableDeclarationList
FNDA:2,parseVariableDeclaration
FNDA:4,parseEqualVariableDeclaration
FNDA:2,(anonymous_9)
FNDA:4,isPunctuator
DA:1,1
DA:2,1
DA:4,1
DA:8,1
DA:10,1
DA:11,2
DA:12,2
DA:13,2
DA:14,2
DA:16,2
DA:17,2
DA:22,2
DA:25,1
DA:26,2
DA:27,2
DA:28,2
DA:29,2
DA:30,2
DA:31,2
DA:32,2
DA:33,2
DA:34,4
DA:35,1
DA:36,1
DA:40,2
DA:41,1
DA:44,2
DA:45,1
DA:47,1
DA:48,1
DA:49,1
DA:52,1
DA:53,2
DA:54,2
DA:55,2
DA:56,2
DA:57,2
DA:60,1
DA:61,2
DA:62,2
DA:65,2
DA:66,2
DA:67,2
DA:68,2
DA:69,0
DA:72,0
DA:75,1
DA:76,2
DA:77,2
DA:78,2
DA:80,1
DA:81,2
DA:84,2
DA:85,0
DA:87,2
DA:88,2
DA:89,2
DA:90,2
DA:94,1
DA:95,4
DA:96,4
DA:97,4
DA:98,7
DA:99,7
DA:100,7
DA:101,7
DA:102,7
DA:103,7
DA:105,4
DA:106,0
DA:108,4
DA:109,1
DA:110,1
DA:111,1
DA:112,1
DA:113,3
DA:114,3
DA:116,4
DA:117,2
DA:118,0
DA:120,2
DA:121,2
DA:124,2
DA:126,4
DA:127,4
DA:128,1
DA:129,1
DA:130,1
DA:131,0
DA:133,1
DA:135,1
DA:136,0
DA:137,0
DA:139,0
DA:141,1
DA:142,1
DA:144,0
DA:147,4
DA:148,0
DA:152,1
DA:153,4
DA:154,0
DA:156,4
DA:161,1
LF:104
LH:92
BRDA:31,1,0,2
BRDA:31,1,1,0
BRDA:34,2,0,1
BRDA:34,2,1,3
BRDA:40,3,0,1
BRDA:40,3,1,1
BRDA:44,4,0,1
BRDA:44,4,1,1
BRDA:56,5,0,2
BRDA:56,5,1,2
BRDA:61,6,0,2
BRDA:61,6,1,0
BRDA:62,7,0,0
BRDA:62,7,1,2
BRDA:84,8,0,0
BRDA:84,8,1,2
BRDA:84,9,0,2
BRDA:84,9,1,2
BRDA:101,10,0,7
BRDA:101,10,1,4
BRDA:105,11,0,0
BRDA:105,11,1,4
BRDA:108,12,0,1
BRDA:108,12,1,3
BRDA:113,13,0,3
BRDA:113,13,1,0
BRDA:116,14,0,2
BRDA:116,14,1,2
BRDA:116,15,0,4
BRDA:116,15,1,4
BRDA:117,16,0,0
BRDA:117,16,1,2
BRDA:127,17,0,1
BRDA:127,17,1,3
BRDA:127,18,0,4
BRDA:127,18,1,3
BRDA:129,19,0,1
BRDA:129,19,1,0
BRDA:129,20,0,1
BRDA:129,20,1,1
BRDA:129,20,2,0
BRDA:129,20,3,0
BRDA:130,21,0,0
BRDA:130,21,1,1
BRDA:136,22,0,0
BRDA:136,22,1,0
BRDA:141,23,0,1
BRDA:141,23,1,0
BRDA:147,24,0,0
BRDA:147,24,1,4
BRDA:147,25,0,4
BRDA:147,25,1,2
BRDA:153,26,0,0
BRDA:153,26,1,4
BRDA:153,27,0,4
BRDA:153,27,1,0
BRF:56
BRH:39
end_of_record
TN:
SF:/Users/fanqi/Documents/mine/lucefer/continue-assign-parser/src/compiler/type/token.js
FNF:0
FNH:0
DA:1,1
DA:12,1
LF:2
LH:2
BRF:0
BRH:0
end_of_record
TN:
SF:/Users/fanqi/Documents/mine/lucefer/continue-assign-parser/src/compiler/type/syntax.js
FNF:0
FNH:0
DA:1,1
DA:15,1
LF:2
LH:2
BRF:0
BRH:0
end_of_record
TN:
SF:/Users/fanqi/Documents/mine/lucefer/continue-assign-parser/src/compiler/tokenizer.js
FN:13,isIdStart
FN:18,isIdPart
FN:23,isKeyword
FN:51,getId
FN:67,scanId
FN:88,getNextToken
FN:120,scanHexLiteral
FN:136,scanBinaryliteral
FN:163,isOctalDigit
FN:167,scanOctalLiteral
FN:194,isImplicitOctal
FN:207,scanNumberLiteral
FN:268,isLineTerminal
FN:275,throwUnexpectedToken
FN:278,isHexDigit
FN:281,isDecimalDigit
FN:284,scanUnicode
FN:302,scanHexEscaped
FN:315,scanStringLiteral
FN:383,scanPuntuator
FN:404,tokenizer
FNF:21
FNH:19
FNDA:64,isIdStart
FNDA:49,isIdPart
FNDA:13,isKeyword
FNDA:26,getId
FNDA:26,scanId
FNDA:59,getNextToken
FNDA:1,scanHexLiteral
FNDA:1,scanBinaryliteral
FNDA:419,isOctalDigit
FNDA:4,scanOctalLiteral
FNDA:4,isImplicitOctal
FNDA:7,scanNumberLiteral
FNDA:90,isLineTerminal
FNDA:1,throwUnexpectedToken
FNDA:3,isHexDigit
FNDA:25,isDecimalDigit
FNDA:0,scanUnicode
FNDA:0,scanHexEscaped
FNDA:3,scanStringLiteral
FNDA:23,scanPuntuator
FNDA:3,tokenizer
DA:1,1
DA:3,1
DA:4,1
DA:5,1
DA:7,1
DA:8,1
DA:9,1
DA:10,1
DA:13,1
DA:14,64
DA:18,1
DA:19,49
DA:23,1
DA:24,13
DA:26,6
DA:28,4
DA:31,3
DA:34,0
DA:38,0
DA:41,0
DA:43,0
DA:45,0
DA:47,0
DA:51,1
DA:52,26
DA:53,26
DA:54,26
DA:55,26
DA:56,49
DA:57,49
DA:58,23
DA:60,26
DA:63,26
DA:67,1
DA:68,26
DA:69,26
DA:70,26
DA:71,26
DA:72,13
DA:73,13
DA:74,3
DA:75,10
DA:76,1
DA:77,9
DA:78,1
DA:80,8
DA:82,26
DA:88,1
DA:89,59
DA:90,59
DA:91,0
DA:95,59
DA:96,59
DA:97,26
DA:98,26
DA:101,33
DA:102,11
DA:103,11
DA:105,22
DA:106,3
DA:107,3
DA:109,19
DA:110,0
DA:111,0
DA:113,0
DA:115,19
DA:116,7
DA:118,12
DA:120,1
DA:121,1
DA:122,1
DA:123,3
DA:124,1
DA:126,2
DA:128,1
DA:129,0
DA:131,1
DA:136,1
DA:137,1
DA:139,1
DA:140,3
DA:141,3
DA:142,1
DA:145,2
DA:149,1
DA:150,0
DA:152,1
DA:153,1
DA:154,0
DA:157,1
DA:163,1
DA:165,419
DA:167,1
DA:168,4
DA:169,4
DA:170,4
DA:171,4
DA:172,4
DA:174,4
DA:175,4
DA:176,8
DA:177,8
DA:178,4
DA:180,4
DA:183,4
DA:184,0
DA:186,4
DA:187,1
DA:189,3
DA:194,1
DA:195,4
DA:196,4
DA:197,403
DA:198,403
DA:199,0
DA:201,403
DA:202,0
DA:205,4
DA:207,1
DA:208,7
DA:209,7
DA:210,7
DA:211,0
DA:213,7
DA:214,7
DA:215,7
DA:216,7
DA:217,7
DA:218,7
DA:219,6
DA:220,1
DA:221,1
DA:222,5
DA:223,1
DA:224,1
DA:225,4
DA:226,0
DA:228,4
DA:229,4
DA:230,4
DA:234,1
DA:235,1
DA:237,1
DA:239,1
DA:240,0
DA:241,0
DA:242,0
DA:244,0
DA:246,1
DA:247,0
DA:248,0
DA:249,0
DA:250,0
DA:252,0
DA:253,0
DA:254,0
DA:257,0
DA:260,1
DA:261,0
DA:263,1
DA:268,1
DA:269,90
DA:270,90
DA:271,1
DA:273,89
DA:275,1
DA:276,1
DA:278,1
DA:279,3
DA:281,1
DA:282,25
DA:284,1
DA:285,0
DA:286,0
DA:287,0
DA:288,0
DA:290,0
DA:291,0
DA:292,0
DA:293,0
DA:295,0
DA:297,0
DA:298,0
DA:300,0
DA:302,1
DA:303,0
DA:304,0
DA:305,0
DA:306,0
DA:307,0
DA:308,0
DA:310,0
DA:313,0
DA:315,1
DA:316,3
DA:317,3
DA:318,3
DA:319,3
DA:320,3
DA:321,0
DA:323,3
DA:324,13
DA:325,13
DA:326,3
DA:327,3
DA:329,10
DA:330,0
DA:331,0
DA:332,0
DA:335,0
DA:336,0
DA:337,0
DA:339,0
DA:340,0
DA:341,0
DA:343,0
DA:345,0
DA:352,0
DA:353,0
DA:356,0
DA:357,0
DA:358,0
DA:360,0
DA:363,0
DA:364,0
DA:367,10
DA:368,0
DA:370,10
DA:373,3
DA:374,3
DA:380,0
DA:383,1
DA:384,23
DA:385,23
DA:389,23
DA:390,23
DA:391,23
DA:393,11
DA:394,11
DA:396,12
DA:397,12
DA:399,0
DA:401,23
DA:402,23
DA:404,1
DA:405,3
DA:406,3
DA:407,3
DA:408,3
DA:409,3
DA:410,3
DA:411,80
DA:412,80
DA:413,1
DA:414,1
DA:419,1
DA:420,1
DA:422,79
DA:423,20
DA:424,20
DA:426,59
DA:431,3
DA:433,1
LF:263
LH:189
BRDA:14,1,0,64
BRDA:14,1,1,64
BRDA:14,1,2,64
BRDA:19,2,0,49
BRDA:19,2,1,49
BRDA:19,2,2,49
BRDA:19,2,3,26
BRDA:24,3,0,6
BRDA:24,3,1,4
BRDA:24,3,2,3
BRDA:24,3,3,0
BRDA:24,3,4,0
BRDA:24,3,5,0
BRDA:24,3,6,0
BRDA:24,3,7,0
BRDA:24,3,8,0
BRDA:26,4,0,6
BRDA:26,4,1,6
BRDA:26,4,2,6
BRDA:28,5,0,4
BRDA:28,5,1,4
BRDA:28,5,2,4
BRDA:28,5,3,4
BRDA:28,5,4,4
BRDA:31,6,0,3
BRDA:31,6,1,3
BRDA:31,6,2,3
BRDA:31,6,3,3
BRDA:31,6,4,3
BRDA:31,6,5,3
BRDA:34,7,0,0
BRDA:34,7,1,0
BRDA:34,7,2,0
BRDA:34,7,3,0
BRDA:34,7,4,0
BRDA:34,7,5,0
BRDA:34,7,6,0
BRDA:34,7,7,0
BRDA:38,8,0,0
BRDA:38,8,1,0
BRDA:38,8,2,0
BRDA:38,8,3,0
BRDA:38,8,4,0
BRDA:38,8,5,0
BRDA:41,9,0,0
BRDA:41,9,1,0
BRDA:41,9,2,0
BRDA:43,10,0,0
BRDA:43,10,1,0
BRDA:43,10,2,0
BRDA:57,11,0,23
BRDA:57,11,1,26
BRDA:71,12,0,13
BRDA:71,12,1,13
BRDA:73,13,0,3
BRDA:73,13,1,10
BRDA:75,14,0,1
BRDA:75,14,1,9
BRDA:77,15,0,1
BRDA:77,15,1,8
BRDA:77,16,0,9
BRDA:77,16,1,8
BRDA:90,17,0,0
BRDA:90,17,1,59
BRDA:96,18,0,26
BRDA:96,18,1,33
BRDA:101,19,0,11
BRDA:101,19,1,22
BRDA:101,20,0,33
BRDA:101,20,1,33
BRDA:101,20,2,33
BRDA:101,20,3,33
BRDA:105,21,0,3
BRDA:105,21,1,19
BRDA:105,22,0,22
BRDA:105,22,1,22
BRDA:109,23,0,0
BRDA:109,23,1,19
BRDA:110,24,0,0
BRDA:110,24,1,0
BRDA:115,25,0,7
BRDA:115,25,1,12
BRDA:123,26,0,1
BRDA:123,26,1,2
BRDA:128,27,0,0
BRDA:128,27,1,1
BRDA:141,28,0,1
BRDA:141,28,1,2
BRDA:141,29,0,3
BRDA:141,29,1,3
BRDA:149,30,0,0
BRDA:149,30,1,1
BRDA:152,31,0,1
BRDA:152,31,1,0
BRDA:153,32,0,0
BRDA:153,32,1,1
BRDA:153,33,0,1
BRDA:153,33,1,1
BRDA:170,34,0,4
BRDA:170,34,1,0
BRDA:177,35,0,4
BRDA:177,35,1,4
BRDA:183,36,0,0
BRDA:183,36,1,4
BRDA:183,37,0,4
BRDA:183,37,1,0
BRDA:186,38,0,1
BRDA:186,38,1,3
BRDA:186,39,0,4
BRDA:186,39,1,3
BRDA:198,40,0,0
BRDA:198,40,1,403
BRDA:198,41,0,403
BRDA:198,41,1,403
BRDA:201,42,0,0
BRDA:201,42,1,403
BRDA:210,43,0,0
BRDA:210,43,1,7
BRDA:210,44,0,7
BRDA:210,44,1,0
BRDA:215,45,0,7
BRDA:215,45,1,0
BRDA:218,46,0,6
BRDA:218,46,1,1
BRDA:219,47,0,1
BRDA:219,47,1,5
BRDA:219,48,0,6
BRDA:219,48,1,5
BRDA:222,49,0,1
BRDA:222,49,1,4
BRDA:222,50,0,5
BRDA:222,50,1,4
BRDA:225,51,0,0
BRDA:225,51,1,4
BRDA:225,52,0,4
BRDA:225,52,1,4
BRDA:228,53,0,4
BRDA:228,53,1,0
BRDA:229,54,0,4
BRDA:229,54,1,0
BRDA:239,55,0,0
BRDA:239,55,1,1
BRDA:246,56,0,0
BRDA:246,56,1,1
BRDA:246,57,0,1
BRDA:246,57,1,1
BRDA:249,58,0,0
BRDA:249,58,1,0
BRDA:249,59,0,0
BRDA:249,59,1,0
BRDA:252,60,0,0
BRDA:252,60,1,0
BRDA:253,61,0,0
BRDA:253,61,1,0
BRDA:260,62,0,0
BRDA:260,62,1,1
BRDA:260,63,0,1
BRDA:260,63,1,0
BRDA:270,64,0,1
BRDA:270,64,1,89
BRDA:270,65,0,90
BRDA:270,65,1,89
BRDA:270,65,2,89
BRDA:270,65,3,89
BRDA:287,66,0,0
BRDA:287,66,1,0
BRDA:292,67,0,0
BRDA:292,67,1,0
BRDA:297,68,0,0
BRDA:297,68,1,0
BRDA:297,69,0,0
BRDA:297,69,1,0
BRDA:304,70,0,0
BRDA:304,70,1,0
BRDA:306,71,0,0
BRDA:306,71,1,0
BRDA:306,72,0,0
BRDA:306,72,1,0
BRDA:320,73,0,0
BRDA:320,73,1,3
BRDA:320,74,0,3
BRDA:320,74,1,3
BRDA:325,75,0,3
BRDA:325,75,1,10
BRDA:329,76,0,0
BRDA:329,76,1,10
BRDA:331,77,0,0
BRDA:331,77,1,0
BRDA:331,78,0,0
BRDA:331,78,1,0
BRDA:332,79,0,0
BRDA:332,79,1,0
BRDA:332,79,2,0
BRDA:332,79,3,0
BRDA:332,79,4,0
BRDA:332,79,5,0
BRDA:332,79,6,0
BRDA:332,79,7,0
BRDA:332,79,8,0
BRDA:332,79,9,0
BRDA:332,79,10,0
BRDA:335,80,0,0
BRDA:335,80,1,0
BRDA:340,81,0,0
BRDA:340,81,1,0
BRDA:363,82,0,0
BRDA:363,82,1,0
BRDA:363,83,0,0
BRDA:363,83,1,0
BRDA:367,84,0,0
BRDA:367,84,1,10
BRDA:373,85,0,3
BRDA:373,85,1,0
BRDA:391,86,0,11
BRDA:391,86,1,12
BRDA:391,86,2,0
BRDA:412,87,0,1
BRDA:412,87,1,79
BRDA:413,88,0,1
BRDA:413,88,1,0
BRDA:413,89,0,1
BRDA:413,89,1,1
BRDA:422,90,0,20
BRDA:422,90,1,59
BRF:224
BRH:124
end_of_record
